<?xml version="1.0" encoding="UTF-8"?>
<testsuite xmlns:xsi="http://www.w3.org/2001/XMLSchema-instance" xsi:noNamespaceSchemaLocation="https://maven.apache.org/surefire/maven-surefire-plugin/xsd/surefire-test-report.xsd" version="3.0.2" name="com.ruche.ruche_connect.RucheConnectApplicationTests" time="3.585" tests="1" errors="0" skipped="0" failures="0">
  <properties>
[...]
</properties>
  <testcase name="contextLoads" classname="com.ruche.ruche_connect.RucheConnectApplicationTests" time="0.809">
    <system-out><![CDATA[08:22:42.602 [main] INFO org.springframework.test.context.support.AnnotationConfigContextLoaderUtils -- Could not detect default configuration classes for test class [com.ruche.ruche_connect.RucheConnectApplicationTests]: RucheConnectApplicationTests does not declare any static, non-private, non-final, nested classes annotated with @Configuration.
08:22:42.743 [main] INFO org.springframework.boot.test.context.SpringBootTestContextBootstrapper -- Found @SpringBootConfiguration com.ruche.ruche_connect.RucheConnectApplication for test class com.ruche.ruche_connect.RucheConnectApplicationTests

  .   ____          _            __ _ _
 /\\ / ___'_ __ _ _(_)_ __  __ _ \ \ \ \
( ( )\___ | '_ | '_| | '_ \/ _` | \ \ \ \
 \\/  ___)| |_)| | | | | || (_| |  ) ) ) )
  '  |____| .__|_| |_|_| |_\__, | / / / /
 =========|_|==============|___/=/_/_/_/

 :: Spring Boot ::                (v3.5.3)

2025-07-01T08:22:43.280+02:00  WARN 15432 --- [ruche_connect] [           main] ory$DuplicateJsonObjectContextCustomizer : 

Found multiple occurrences of org.json.JSONObject on the class path:

	jar:file:/C:/Users/Admin/.m2/repository/com/vaadin/external/google/android-json/0.0.20131108.vaadin1/android-json-0.0.20131108.vaadin1.jar!/org/json/JSONObject.class
	jar:file:/C:/Users/Admin/.m2/repository/org/json/json/20240303/json-20240303.jar!/org/json/JSONObject.class

You may wish to exclude one of them to ensure predictable runtime behavior

2025-07-01T08:22:43.315+02:00  INFO 15432 --- [ruche_connect] [           main] c.r.r.RucheConnectApplicationTests       : Starting RucheConnectApplicationTests using Java 21.0.7 with PID 15432 (started by Admin in C:\Users\Admin\Downloads\ruche_connect\ruche_connect)
2025-07-01T08:22:43.315+02:00 DEBUG 15432 --- [ruche_connect] [           main] c.r.r.RucheConnectApplicationTests       : Running with Spring Boot v3.5.3, Spring v6.2.8
2025-07-01T08:22:43.315+02:00  INFO 15432 --- [ruche_connect] [           main] c.r.r.RucheConnectApplicationTests       : No active profile set, falling back to 1 default profile: "default"
2025-07-01T08:22:43.352+02:00 DEBUG 15432 --- [ruche_connect] [           main] o.s.w.c.s.GenericWebApplicationContext   : Refreshing org.springframework.web.context.support.GenericWebApplicationContext@20921b9b
2025-07-01T08:22:44.666+02:00  INFO 15432 --- [ruche_connect] [           main] o.s.b.a.w.s.WelcomePageHandlerMapping    : Adding welcome page template: index
2025-07-01T08:22:44.743+02:00 DEBUG 15432 --- [ruche_connect] [           main] s.w.s.m.m.a.RequestMappingHandlerMapping : 6 mappings in 'requestMappingHandlerMapping'
2025-07-01T08:22:44.866+02:00 DEBUG 15432 --- [ruche_connect] [           main] o.s.w.s.handler.SimpleUrlHandlerMapping  : Patterns [/webjars/**, /**] in 'resourceHandlerMapping'
2025-07-01T08:22:44.888+02:00 DEBUG 15432 --- [ruche_connect] [           main] s.w.s.m.m.a.RequestMappingHandlerAdapter : ControllerAdvice beans: 0 @ModelAttribute, 0 @InitBinder, 1 RequestBodyAdvice, 1 ResponseBodyAdvice
2025-07-01T08:22:45.002+02:00 DEBUG 15432 --- [ruche_connect] [           main] .m.m.a.ExceptionHandlerExceptionResolver : ControllerAdvice beans: 0 @ExceptionHandler, 1 ResponseBodyAdvice
2025-07-01T08:22:45.168+02:00  INFO 15432 --- [ruche_connect] [           main] c.r.r.RucheConnectApplicationTests       : Started RucheConnectApplicationTests in 2.196 seconds (process running for 3.431)
]]></system-out>
    <system-err><![CDATA[Mockito is currently self-attaching to enable the inline-mock-maker. This will no longer work in future releases of the JDK. Please add Mockito as an agent to your build as described in Mockito's documentation: https://javadoc.io/doc/org.mockito/mockito-core/latest/org.mockito/org/mockito/Mockito.html#0.3
WARNING: A Java agent has been loaded dynamically (C:\Users\Admin\.m2\repository\net\bytebuddy\byte-buddy-agent\1.17.6\byte-buddy-agent-1.17.6.jar)
WARNING: If a serviceability tool is in use, please run with -XX:+EnableDynamicAgentLoading to hide this warning
WARNING: If a serviceability tool is not in use, please run with -Djdk.instrument.traceUsage for more information
WARNING: Dynamic loading of agents will be disallowed by default in a future release
]]></system-err>
  </testcase>
</testsuite>